2019-12-21 22:58:52,130 : DEBUG : MovieLensAnalysis.util.SparkIntializn : <ML - sparkInitlzn>  Spark Session is created , version is 2.3.0
2019-12-21 22:58:52,132 : DEBUG : __main__ : <ML>  Spark Initialization is Done 
2019-12-21 22:58:52,132 : DEBUG : __main__ : <ML>  Spark Initialization is Done 
2019-12-21 22:58:52,135 : DEBUG : MovieLensAnalysis.util.MovieLensConstants : <ML -createStructSchema><schemaString is movieid|movietitle|releasedate|videoreleasedate|IMDbURL >
2019-12-21 22:58:52,137 : DEBUG : MovieLensAnalysis.util.MovieLensConstants : <ML -createStructSchema><delimiter is |>
2019-12-21 22:58:52,138 : DEBUG : MovieLensAnalysis.util.MovieLensConstants : <ML -createStructSchema><structFieldList is > [StructField(movieid,StringType,true), StructField(movietitle,StringType,true), StructField(releasedate,StringType,true), StructField(videoreleasedate,StringType,true), StructField(IMDbURL,StringType,true)]
2019-12-21 22:58:52,138 : DEBUG : MovieLensAnalysis.util.MovieLensConstants : <ML-generateItemSchema><nonGenreStructSchema> is [StructField(movieid,StringType,true), StructField(movietitle,StringType,true), StructField(releasedate,StringType,true), StructField(videoreleasedate,StringType,true), StructField(IMDbURL,StringType,true)]
2019-12-21 22:58:52,138 : DEBUG : MovieLensAnalysis.util.MovieLensConstants : <ML -createStructSchema><schemaString is unknown|Action|Adventure|Animation|Children|Comedy|Crime|Documentary|Drama|Fantasy|FilmNoir|Horror|Musical|Mystery|Romance|SciFi|Thriller|War|Western >
2019-12-21 22:58:52,138 : DEBUG : MovieLensAnalysis.util.MovieLensConstants : <ML -createStructSchema><delimiter is |>
2019-12-21 22:58:52,140 : DEBUG : MovieLensAnalysis.util.MovieLensConstants : <ML -createStructSchema><structFieldList is > [StructField(unknown,IntegerType,true), StructField(Action,IntegerType,true), StructField(Adventure,IntegerType,true), StructField(Animation,IntegerType,true), StructField(Children,IntegerType,true), StructField(Comedy,IntegerType,true), StructField(Crime,IntegerType,true), StructField(Documentary,IntegerType,true), StructField(Drama,IntegerType,true), StructField(Fantasy,IntegerType,true), StructField(FilmNoir,IntegerType,true), StructField(Horror,IntegerType,true), StructField(Musical,IntegerType,true), StructField(Mystery,IntegerType,true), StructField(Romance,IntegerType,true), StructField(SciFi,IntegerType,true), StructField(Thriller,IntegerType,true), StructField(War,IntegerType,true), StructField(Western,IntegerType,true)]
2019-12-21 22:58:52,140 : DEBUG : MovieLensAnalysis.util.MovieLensConstants : <ML-generateItemSchema><genreStructSchema> is [StructField(unknown,IntegerType,true), StructField(Action,IntegerType,true), StructField(Adventure,IntegerType,true), StructField(Animation,IntegerType,true), StructField(Children,IntegerType,true), StructField(Comedy,IntegerType,true), StructField(Crime,IntegerType,true), StructField(Documentary,IntegerType,true), StructField(Drama,IntegerType,true), StructField(Fantasy,IntegerType,true), StructField(FilmNoir,IntegerType,true), StructField(Horror,IntegerType,true), StructField(Musical,IntegerType,true), StructField(Mystery,IntegerType,true), StructField(Romance,IntegerType,true), StructField(SciFi,IntegerType,true), StructField(Thriller,IntegerType,true), StructField(War,IntegerType,true), StructField(Western,IntegerType,true)]
2019-12-21 22:58:52,140 : DEBUG : MovieLensAnalysis.util.MovieLensConstants : <ML-generateItemSchema><itemSchema is > - StructType(List(StructField(movieid,StringType,true),StructField(movietitle,StringType,true),StructField(releasedate,StringType,true),StructField(videoreleasedate,StringType,true),StructField(IMDbURL,StringType,true),StructField(unknown,IntegerType,true),StructField(Action,IntegerType,true),StructField(Adventure,IntegerType,true),StructField(Animation,IntegerType,true),StructField(Children,IntegerType,true),StructField(Comedy,IntegerType,true),StructField(Crime,IntegerType,true),StructField(Documentary,IntegerType,true),StructField(Drama,IntegerType,true),StructField(Fantasy,IntegerType,true),StructField(FilmNoir,IntegerType,true),StructField(Horror,IntegerType,true),StructField(Musical,IntegerType,true),StructField(Mystery,IntegerType,true),StructField(Romance,IntegerType,true),StructField(SciFi,IntegerType,true),StructField(Thriller,IntegerType,true),StructField(War,IntegerType,true),StructField(Western,IntegerType,true)))
2019-12-21 22:58:55,378 : DEBUG : MovieLensAnalysis.util.MovieLensConstants : <ML -createStructSchema><schemaString is userid|age >
2019-12-21 22:58:55,378 : DEBUG : MovieLensAnalysis.util.MovieLensConstants : <ML -createStructSchema><delimiter is |>
2019-12-21 22:58:55,378 : DEBUG : MovieLensAnalysis.util.MovieLensConstants : <ML -createStructSchema><structFieldList is > [StructField(userid,IntegerType,true), StructField(age,IntegerType,true)]
2019-12-21 22:58:55,378 : DEBUG : MovieLensAnalysis.util.MovieLensConstants : <ML -createStructSchema><schemaString is gender|occupation|zipcode >
2019-12-21 22:58:55,380 : DEBUG : MovieLensAnalysis.util.MovieLensConstants : <ML -createStructSchema><delimiter is |>
2019-12-21 22:58:55,380 : DEBUG : MovieLensAnalysis.util.MovieLensConstants : <ML -createStructSchema><structFieldList is > [StructField(gender,StringType,true), StructField(occupation,StringType,true), StructField(zipcode,StringType,true)]
2019-12-21 22:58:55,380 : DEBUG : MovieLensAnalysis.util.MovieLensConstants : <ML-generateUserSchema><userSchema is StructType(List(StructField(userid,IntegerType,true),StructField(age,IntegerType,true),StructField(gender,StringType,true),StructField(occupation,StringType,true),StructField(zipcode,StringType,true)))> 
2019-12-21 22:58:55,434 : DEBUG : MovieLensAnalysis.util.MovieLensConstants : <ML -createStructSchema><schemaString is user_id|item_id|rating|timestamp >
2019-12-21 22:58:55,434 : DEBUG : MovieLensAnalysis.util.MovieLensConstants : <ML -createStructSchema><delimiter is |>
2019-12-21 22:58:55,434 : DEBUG : MovieLensAnalysis.util.MovieLensConstants : <ML -createStructSchema><structFieldList is > [StructField(user_id,IntegerType,true), StructField(item_id,IntegerType,true), StructField(rating,IntegerType,true), StructField(timestamp,IntegerType,true)]
2019-12-21 22:58:55,436 : DEBUG : MovieLensAnalysis.util.MovieLensConstants : <ML-generateUserDataSchema><userDataSchemaStructType> is StructType(List(StructField(user_id,IntegerType,true),StructField(item_id,IntegerType,true),StructField(rating,IntegerType,true),StructField(timestamp,IntegerType,true)))
2019-12-21 22:59:19,696 : DEBUG : MovieLensAnalysis.util.MovieLensConstants : <ML -createStructSchema><schemaString is Genre|countOfMovies >
2019-12-21 22:59:19,697 : DEBUG : MovieLensAnalysis.util.MovieLensConstants : <ML -createStructSchema><delimiter is |>
2019-12-21 22:59:19,697 : DEBUG : MovieLensAnalysis.util.MovieLensConstants : <ML -createStructSchema><structFieldList is > [StructField(Genre,StringType,true), StructField(countOfMovies,StringType,true)]
2019-12-21 22:59:19,799 : DEBUG : MovieLensAnalysis.util.MovieLensConstants : condition is unknown==1
2019-12-21 22:59:20,000 : DEBUG : MovieLensAnalysis.util.MovieLensConstants : condition is Action==1
2019-12-21 22:59:20,048 : DEBUG : MovieLensAnalysis.util.MovieLensConstants : condition is Adventure==1
2019-12-21 22:59:20,108 : DEBUG : MovieLensAnalysis.util.MovieLensConstants : condition is Animation==1
2019-12-21 22:59:20,168 : DEBUG : MovieLensAnalysis.util.MovieLensConstants : condition is Children==1
2019-12-21 22:59:20,227 : DEBUG : MovieLensAnalysis.util.MovieLensConstants : condition is Comedy==1
2019-12-21 22:59:20,311 : DEBUG : MovieLensAnalysis.util.MovieLensConstants : condition is Crime==1
2019-12-21 22:59:20,364 : DEBUG : MovieLensAnalysis.util.MovieLensConstants : condition is Documentary==1
2019-12-21 22:59:20,421 : DEBUG : MovieLensAnalysis.util.MovieLensConstants : condition is Drama==1
2019-12-21 22:59:20,476 : DEBUG : MovieLensAnalysis.util.MovieLensConstants : condition is Fantasy==1
2019-12-21 22:59:20,533 : DEBUG : MovieLensAnalysis.util.MovieLensConstants : condition is FilmNoir==1
2019-12-21 22:59:20,586 : DEBUG : MovieLensAnalysis.util.MovieLensConstants : condition is Horror==1
2019-12-21 22:59:20,661 : DEBUG : MovieLensAnalysis.util.MovieLensConstants : condition is Musical==1
2019-12-21 22:59:20,713 : DEBUG : MovieLensAnalysis.util.MovieLensConstants : condition is Mystery==1
2019-12-21 22:59:20,775 : DEBUG : MovieLensAnalysis.util.MovieLensConstants : condition is Romance==1
2019-12-21 22:59:20,838 : DEBUG : MovieLensAnalysis.util.MovieLensConstants : condition is SciFi==1
2019-12-21 22:59:20,881 : DEBUG : MovieLensAnalysis.util.MovieLensConstants : condition is Thriller==1
2019-12-21 22:59:20,941 : DEBUG : MovieLensAnalysis.util.MovieLensConstants : condition is War==1
2019-12-21 22:59:21,012 : DEBUG : MovieLensAnalysis.util.MovieLensConstants : condition is Western==1
2019-12-21 22:59:21,075 : DEBUG : MovieLensAnalysis.util.MovieLensConstants : Schema is None
2019-12-21 23:02:41,266 : DEBUG : MovieLensAnalysis.util.MovieLensConstants : <ML> - WRITE STATUS OF genderAggCntDF module is SUCCESS
2019-12-21 23:02:44,775 : DEBUG : MovieLensAnalysis.util.MovieLensConstants : <ML> - WRITE STATUS OF occupAggCntDF module is SUCCESS
2019-12-21 23:03:15,974 : DEBUG : MovieLensAnalysis.util.MovieLensConstants : <ML> - WRITE STATUS OF findTopOccupFromRating module is SUCCESS
2019-12-21 23:03:34,062 : DEBUG : MovieLensAnalysis.util.MovieLensConstants : <ML> - WRITE STATUS OF findTopMoviesPeryrByRating module is SUCCESS
2019-12-21 23:03:44,092 : DEBUG : MovieLensAnalysis.util.MovieLensConstants : <ML> - WRITE STATUS OF findTopMoviesOveraAll module is SUCCESS
2019-12-21 23:04:42,529 : DEBUG : MovieLensAnalysis.util.MovieLensConstants : <ML> - WRITE STATUS OF findCountOfMveGenreWise module is SUCCESS
2019-12-21 23:04:42,529 : DEBUG : MovieLensAnalysis.util.SparkIntializn : <ML - sparkInitlzn>  Called Resource cleanUp
2019-12-21 23:05:40,825 : DEBUG : MovieLensAnalysis.util.SparkIntializn :  <ML - sparkInitlzn>  Resources are cleaned
